[2m2025-02-12T08:09:33.695092Z[0m [31mERROR[0m [2mglazewm[0m[2m:[0m Another instance of the application is already running.
[2m2025-02-12T08:09:47.116071Z[0m [31mERROR[0m [2mglazewm[0m[2m:[0m Unable to create directory ~\.config\glazewm\config.yaml.

Caused by:
    μ•΅μ„Έμ¤κ°€ κ±°λ¶€λμ—μµλ‹λ‹¤. (os error 5)
[2m2025-02-12T08:10:57.111198Z[0m [31mERROR[0m [2mglazewm[0m[2m:[0m window_rules[0].match[1]: data did not match any variant of untagged enum MatchType at line 35 column 9
[2m2025-02-12T08:11:36.036171Z[0m [31mERROR[0m [2mglazewm[0m[2m:[0m window_rules[0].match[1]: data did not match any variant of untagged enum MatchType at line 35 column 9
[2m2025-02-12T08:12:20.171873Z[0m [31mERROR[0m [2mglazewm[0m[2m:[0m window_rules[0].match[1]: data did not match any variant of untagged enum MatchType at line 35 column 9
[2m2025-02-12T08:12:35.383458Z[0m [31mERROR[0m [2mglazewm[0m[2m:[0m At least 1 workspace is required per monitor.

Caused by:
    No workspace config available to activate workspace.
[2m2025-02-12T12:36:25.188913Z[0m [31mERROR[0m [2mglazewm[0m[2m:[0m Another instance of the application is already running.
[2m2025-02-16T13:44:44.704384Z[0m [31mERROR[0m [2mglazewm[0m[2m:[0m μλ»λ μ°½ ν•Έλ“¤μ…λ‹λ‹¤. (0x80070578)
[2m2025-02-16T13:44:46.017616Z[0m [31mERROR[0m [2mglazewm[0m[2m:[0m μλ»λ μ°½ ν•Έλ“¤μ…λ‹λ‹¤. (0x80070578)
[2m2025-02-16T13:44:47.071651Z[0m [31mERROR[0m [2mglazewm[0m[2m:[0m μλ»λ μ°½ ν•Έλ“¤μ…λ‹λ‹¤. (0x80070578)
[2m2025-02-16T13:44:47.476090Z[0m [31mERROR[0m [2mglazewm[0m[2m:[0m μλ»λ μ°½ ν•Έλ“¤μ…λ‹λ‹¤. (0x80070578)
[2m2025-02-16T13:44:47.611720Z[0m [31mERROR[0m [2mglazewm[0m[2m:[0m μλ»λ μ°½ ν•Έλ“¤μ…λ‹λ‹¤. (0x80070578)
[2m2025-02-16T13:44:47.848111Z[0m [31mERROR[0m [2mglazewm[0m[2m:[0m μλ»λ μ°½ ν•Έλ“¤μ…λ‹λ‹¤. (0x80070578)
[2m2025-02-16T13:44:48.071153Z[0m [31mERROR[0m [2mglazewm[0m[2m:[0m μλ»λ μ°½ ν•Έλ“¤μ…λ‹λ‹¤. (0x80070578)
[2m2025-02-16T15:51:14.154153Z[0m [31mERROR[0m [2mglazewm[0m[2m:[0m found unknown escape character at line 151 column 44, while parsing a quoted scalar at line 151 column 32
[2m2025-02-21T07:22:22.566565Z[0m [31mERROR[0m [2mglazewm[0m[2m:[0m Another instance of the application is already running.
[2m2025-04-08T17:37:35.486042Z[0m [31mERROR[0m [2mglazewm[0m[2m:[0m μλ»λ μ°½ ν•Έλ“¤μ…λ‹λ‹¤. (0x80070578)
[2m2025-04-08T17:37:37.017464Z[0m [31mERROR[0m [2mglazewm[0m[2m:[0m μλ»λ μ°½ ν•Έλ“¤μ…λ‹λ‹¤. (0x80070578)
[2m2025-04-08T17:37:37.940245Z[0m [31mERROR[0m [2mglazewm[0m[2m:[0m μλ»λ μ°½ ν•Έλ“¤μ…λ‹λ‹¤. (0x80070578)
[2m2025-04-08T17:37:38.337546Z[0m [31mERROR[0m [2mglazewm[0m[2m:[0m μλ»λ μ°½ ν•Έλ“¤μ…λ‹λ‹¤. (0x80070578)
[2m2025-04-08T17:37:38.474659Z[0m [31mERROR[0m [2mglazewm[0m[2m:[0m μλ»λ μ°½ ν•Έλ“¤μ…λ‹λ‹¤. (0x80070578)
[2m2025-04-08T17:37:38.710807Z[0m [31mERROR[0m [2mglazewm[0m[2m:[0m μλ»λ μ°½ ν•Έλ“¤μ…λ‹λ‹¤. (0x80070578)
[2m2025-04-08T17:37:38.844950Z[0m [31mERROR[0m [2mglazewm[0m[2m:[0m μλ»λ μ°½ ν•Έλ“¤μ…λ‹λ‹¤. (0x80070578)
[2m2025-04-08T17:37:39.277474Z[0m [31mERROR[0m [2mglazewm[0m[2m:[0m μλ»λ μ°½ ν•Έλ“¤μ…λ‹λ‹¤. (0x80070578)
[2m2025-04-10T03:47:16.321864Z[0m [31mERROR[0m [2mglazewm[0m[2m:[0m Another instance of the application is already running.
[2m2025-05-07T00:02:16.722507Z[0m [31mERROR[0m [2mglazewm[0m[2m:[0m Another instance of the application is already running.
[2m2025-05-07T06:09:08.729258Z[0m [31mERROR[0m [2mglazewm[0m[2m:[0m Another instance of the application is already running.
[2m2025-05-08T05:13:25.355760Z[0m [31mERROR[0m [2mglazewm[0m[2m:[0m Another instance of the application is already running.
[2m2025-05-14T23:47:41.847031Z[0m [31mERROR[0m [2mglazewm[0m[2m:[0m Another instance of the application is already running.
[2m2025-05-23T01:50:40.613058Z[0m [31mERROR[0m [2mglazewm[0m[2m:[0m channel closed
[2m2025-05-23T01:54:08.446568Z[0m [31mERROR[0m [2mglazewm[0m[2m:[0m channel closed
[2m2025-05-23T01:54:08.938439Z[0m [31mERROR[0m [2mglazewm[0m[2m:[0m channel closed
[2m2025-05-23T01:54:09.257837Z[0m [31mERROR[0m [2mglazewm[0m[2m:[0m channel closed
[2m2025-05-23T01:54:09.652607Z[0m [31mERROR[0m [2mglazewm[0m[2m:[0m channel closed
[2m2025-05-23T01:54:09.774930Z[0m [31mERROR[0m [2mglazewm[0m[2m:[0m channel closed
[2m2025-05-23T01:54:09.968439Z[0m [31mERROR[0m [2mglazewm[0m[2m:[0m channel closed
[2m2025-05-23T01:54:10.173953Z[0m [31mERROR[0m [2mglazewm[0m[2m:[0m channel closed
[2m2025-05-23T01:54:10.375223Z[0m [31mERROR[0m [2mglazewm[0m[2m:[0m channel closed
[2m2025-05-23T01:54:10.873338Z[0m [31mERROR[0m [2mglazewm[0m[2m:[0m channel closed
[2m2025-05-23T01:54:10.934038Z[0m [31mERROR[0m [2mglazewm[0m[2m:[0m channel closed
[2m2025-05-23T01:54:10.995342Z[0m [31mERROR[0m [2mglazewm[0m[2m:[0m channel closed
[2m2025-05-23T01:54:11.064491Z[0m [31mERROR[0m [2mglazewm[0m[2m:[0m channel closed
[2m2025-05-25T23:45:51.280447Z[0m [31mERROR[0m [2mglazewm[0m[2m:[0m Another instance of the application is already running.
[2m2025-05-27T02:47:47.017946Z[0m [31mERROR[0m [2mglazewm[0m[2m:[0m channel closed
[2m2025-05-27T03:46:04.331048Z[0m [31mERROR[0m [2mglazewm[0m[2m:[0m channel closed
[2m2025-05-27T03:46:04.456644Z[0m [31mERROR[0m [2mglazewm[0m[2m:[0m channel closed
[2m2025-05-27T03:46:04.607490Z[0m [31mERROR[0m [2mglazewm[0m[2m:[0m channel closed
[2m2025-05-27T03:46:04.755562Z[0m [31mERROR[0m [2mglazewm[0m[2m:[0m channel closed
[2m2025-05-27T03:46:04.886154Z[0m [31mERROR[0m [2mglazewm[0m[2m:[0m channel closed
[2m2025-05-27T03:46:05.038995Z[0m [31mERROR[0m [2mglazewm[0m[2m:[0m channel closed
[2m2025-05-27T03:46:05.282211Z[0m [31mERROR[0m [2mglazewm[0m[2m:[0m channel closed
[2m2025-05-27T03:46:05.782911Z[0m [31mERROR[0m [2mglazewm[0m[2m:[0m channel closed
[2m2025-05-27T03:46:05.850682Z[0m [31mERROR[0m [2mglazewm[0m[2m:[0m channel closed
[2m2025-05-27T03:46:05.940690Z[0m [31mERROR[0m [2mglazewm[0m[2m:[0m channel closed
[2m2025-05-27T03:46:06.030743Z[0m [31mERROR[0m [2mglazewm[0m[2m:[0m channel closed
[2m2025-05-27T03:46:06.093227Z[0m [31mERROR[0m [2mglazewm[0m[2m:[0m channel closed
[2m2025-06-04T05:32:02.542288Z[0m [31mERROR[0m [2mglazewm[0m[2m:[0m μλ»λ μ°½ ν•Έλ“¤μ…λ‹λ‹¤. (0x80070578)
[2m2025-06-04T05:32:04.983734Z[0m [31mERROR[0m [2mglazewm[0m[2m:[0m μλ»λ μ°½ ν•Έλ“¤μ…λ‹λ‹¤. (0x80070578)
[2m2025-06-04T05:32:05.457523Z[0m [31mERROR[0m [2mglazewm[0m[2m:[0m μλ»λ μ°½ ν•Έλ“¤μ…λ‹λ‹¤. (0x80070578)
[2m2025-06-04T05:32:05.733974Z[0m [31mERROR[0m [2mglazewm[0m[2m:[0m μλ»λ μ°½ ν•Έλ“¤μ…λ‹λ‹¤. (0x80070578)
[2m2025-06-04T05:32:05.978520Z[0m [31mERROR[0m [2mglazewm[0m[2m:[0m μλ»λ μ°½ ν•Έλ“¤μ…λ‹λ‹¤. (0x80070578)
[2m2025-06-04T07:44:37.855021Z[0m [31mERROR[0m [2mglazewm[0m[2m:[0m μλ»λ μ°½ ν•Έλ“¤μ…λ‹λ‹¤. (0x80070578)
[2m2025-06-04T07:44:40.954414Z[0m [31mERROR[0m [2mglazewm[0m[2m:[0m μλ»λ μ°½ ν•Έλ“¤μ…λ‹λ‹¤. (0x80070578)
[2m2025-06-04T07:44:41.277601Z[0m [31mERROR[0m [2mglazewm[0m[2m:[0m μλ»λ μ°½ ν•Έλ“¤μ…λ‹λ‹¤. (0x80070578)
[2m2025-06-04T07:44:41.533226Z[0m [31mERROR[0m [2mglazewm[0m[2m:[0m μλ»λ μ°½ ν•Έλ“¤μ…λ‹λ‹¤. (0x80070578)
[2m2025-06-04T07:44:41.773197Z[0m [31mERROR[0m [2mglazewm[0m[2m:[0m μλ»λ μ°½ ν•Έλ“¤μ…λ‹λ‹¤. (0x80070578)
[2m2025-06-12T00:08:31.320301Z[0m [31mERROR[0m [2mglazewm[0m[2m:[0m μλ»λ μ°½ ν•Έλ“¤μ…λ‹λ‹¤. (0x80070578)
[2m2025-06-13T00:02:29.019081Z[0m [31mERROR[0m [2mglazewm[0m[2m:[0m μλ»λ μ°½ ν•Έλ“¤μ…λ‹λ‹¤. (0x80070578)
[2m2025-06-13T00:02:30.942961Z[0m [31mERROR[0m [2mglazewm[0m[2m:[0m μλ»λ μ°½ ν•Έλ“¤μ…λ‹λ‹¤. (0x80070578)
[2m2025-06-13T00:02:31.288033Z[0m [31mERROR[0m [2mglazewm[0m[2m:[0m μλ»λ μ°½ ν•Έλ“¤μ…λ‹λ‹¤. (0x80070578)
[2m2025-06-13T00:02:31.572058Z[0m [31mERROR[0m [2mglazewm[0m[2m:[0m μλ»λ μ°½ ν•Έλ“¤μ…λ‹λ‹¤. (0x80070578)
[2m2025-06-13T00:02:32.105775Z[0m [31mERROR[0m [2mglazewm[0m[2m:[0m μλ»λ μ°½ ν•Έλ“¤μ…λ‹λ‹¤. (0x80070578)
[2m2025-06-13T00:02:32.398260Z[0m [31mERROR[0m [2mglazewm[0m[2m:[0m μλ»λ μ°½ ν•Έλ“¤μ…λ‹λ‹¤. (0x80070578)
[2m2025-06-13T00:02:32.562746Z[0m [31mERROR[0m [2mglazewm[0m[2m:[0m μλ»λ μ°½ ν•Έλ“¤μ…λ‹λ‹¤. (0x80070578)
[2m2025-06-13T02:13:49.019694Z[0m [31mERROR[0m [2mglazewm[0m[2m:[0m μλ»λ μ°½ ν•Έλ“¤μ…λ‹λ‹¤. (0x80070578)
[2m2025-06-13T02:13:51.147301Z[0m [31mERROR[0m [2mglazewm[0m[2m:[0m μλ»λ μ°½ ν•Έλ“¤μ…λ‹λ‹¤. (0x80070578)
[2m2025-06-13T02:13:51.381988Z[0m [31mERROR[0m [2mglazewm[0m[2m:[0m μλ»λ μ°½ ν•Έλ“¤μ…λ‹λ‹¤. (0x80070578)
[2m2025-06-13T02:13:51.715654Z[0m [31mERROR[0m [2mglazewm[0m[2m:[0m μλ»λ μ°½ ν•Έλ“¤μ…λ‹λ‹¤. (0x80070578)
[2m2025-06-13T02:13:51.903169Z[0m [31mERROR[0m [2mglazewm[0m[2m:[0m μλ»λ μ°½ ν•Έλ“¤μ…λ‹λ‹¤. (0x80070578)
[2m2025-06-13T02:13:52.146358Z[0m [31mERROR[0m [2mglazewm[0m[2m:[0m μλ»λ μ°½ ν•Έλ“¤μ…λ‹λ‹¤. (0x80070578)
[2m2025-06-13T02:13:52.323263Z[0m [31mERROR[0m [2mglazewm[0m[2m:[0m μλ»λ μ°½ ν•Έλ“¤μ…λ‹λ‹¤. (0x80070578)
[2m2025-06-13T04:26:07.630746Z[0m [31mERROR[0m [2mglazewm[0m[2m:[0m μλ»λ μ°½ ν•Έλ“¤μ…λ‹λ‹¤. (0x80070578)
[2m2025-06-13T04:26:09.350503Z[0m [31mERROR[0m [2mglazewm[0m[2m:[0m μλ»λ μ°½ ν•Έλ“¤μ…λ‹λ‹¤. (0x80070578)
[2m2025-06-13T04:26:09.523249Z[0m [31mERROR[0m [2mglazewm[0m[2m:[0m μλ»λ μ°½ ν•Έλ“¤μ…λ‹λ‹¤. (0x80070578)
[2m2025-06-13T04:26:09.671590Z[0m [31mERROR[0m [2mglazewm[0m[2m:[0m μλ»λ μ°½ ν•Έλ“¤μ…λ‹λ‹¤. (0x80070578)
[2m2025-06-13T04:26:09.812422Z[0m [31mERROR[0m [2mglazewm[0m[2m:[0m μλ»λ μ°½ ν•Έλ“¤μ…λ‹λ‹¤. (0x80070578)
[2m2025-06-13T05:26:05.335299Z[0m [31mERROR[0m [2mglazewm[0m[2m:[0m μλ»λ μ°½ ν•Έλ“¤μ…λ‹λ‹¤. (0x80070578)
[2m2025-06-13T05:26:07.787341Z[0m [31mERROR[0m [2mglazewm[0m[2m:[0m μλ»λ μ°½ ν•Έλ“¤μ…λ‹λ‹¤. (0x80070578)
[2m2025-06-13T05:26:08.281655Z[0m [31mERROR[0m [2mglazewm[0m[2m:[0m μλ»λ μ°½ ν•Έλ“¤μ…λ‹λ‹¤. (0x80070578)
[2m2025-06-13T05:26:08.338422Z[0m [31mERROR[0m [2mglazewm[0m[2m:[0m μλ»λ μ°½ ν•Έλ“¤μ…λ‹λ‹¤. (0x80070578)
[2m2025-06-13T05:26:08.427583Z[0m [31mERROR[0m [2mglazewm[0m[2m:[0m μλ»λ μ°½ ν•Έλ“¤μ…λ‹λ‹¤. (0x80070578)
[2m2025-06-13T05:26:08.513861Z[0m [31mERROR[0m [2mglazewm[0m[2m:[0m μλ»λ μ°½ ν•Έλ“¤μ…λ‹λ‹¤. (0x80070578)
[2m2025-06-13T05:26:08.605453Z[0m [31mERROR[0m [2mglazewm[0m[2m:[0m μλ»λ μ°½ ν•Έλ“¤μ…λ‹λ‹¤. (0x80070578)
[2m2025-06-13T05:26:08.678386Z[0m [31mERROR[0m [2mglazewm[0m[2m:[0m μλ»λ μ°½ ν•Έλ“¤μ…λ‹λ‹¤. (0x80070578)
[2m2025-06-13T05:26:08.744992Z[0m [31mERROR[0m [2mglazewm[0m[2m:[0m μλ»λ μ°½ ν•Έλ“¤μ…λ‹λ‹¤. (0x80070578)
[2m2025-06-13T05:27:30.886072Z[0m [31mERROR[0m [2mglazewm[0m[2m:[0m μλ»λ μ°½ ν•Έλ“¤μ…λ‹λ‹¤. (0x80070578)
[2m2025-06-13T05:27:35.143085Z[0m [31mERROR[0m [2mglazewm[0m[2m:[0m μλ»λ μ°½ ν•Έλ“¤μ…λ‹λ‹¤. (0x80070578)
[2m2025-06-13T05:27:35.644776Z[0m [31mERROR[0m [2mglazewm[0m[2m:[0m μλ»λ μ°½ ν•Έλ“¤μ…λ‹λ‹¤. (0x80070578)
[2m2025-06-13T05:27:35.765608Z[0m [31mERROR[0m [2mglazewm[0m[2m:[0m μλ»λ μ°½ ν•Έλ“¤μ…λ‹λ‹¤. (0x80070578)
[2m2025-06-13T05:27:35.882610Z[0m [31mERROR[0m [2mglazewm[0m[2m:[0m μλ»λ μ°½ ν•Έλ“¤μ…λ‹λ‹¤. (0x80070578)
[2m2025-06-13T05:27:35.973779Z[0m [31mERROR[0m [2mglazewm[0m[2m:[0m μλ»λ μ°½ ν•Έλ“¤μ…λ‹λ‹¤. (0x80070578)
[2m2025-06-13T05:27:36.086952Z[0m [31mERROR[0m [2mglazewm[0m[2m:[0m μλ»λ μ°½ ν•Έλ“¤μ…λ‹λ‹¤. (0x80070578)
[2m2025-06-13T06:47:23.703175Z[0m [31mERROR[0m [2mglazewm[0m[2m:[0m μλ»λ μ°½ ν•Έλ“¤μ…λ‹λ‹¤. (0x80070578)
[2m2025-06-13T06:47:25.788784Z[0m [31mERROR[0m [2mglazewm[0m[2m:[0m μλ»λ μ°½ ν•Έλ“¤μ…λ‹λ‹¤. (0x80070578)
[2m2025-06-13T06:47:26.296729Z[0m [31mERROR[0m [2mglazewm[0m[2m:[0m μλ»λ μ°½ ν•Έλ“¤μ…λ‹λ‹¤. (0x80070578)
[2m2025-06-13T06:47:26.358319Z[0m [31mERROR[0m [2mglazewm[0m[2m:[0m μλ»λ μ°½ ν•Έλ“¤μ…λ‹λ‹¤. (0x80070578)
[2m2025-06-13T06:47:26.458569Z[0m [31mERROR[0m [2mglazewm[0m[2m:[0m μλ»λ μ°½ ν•Έλ“¤μ…λ‹λ‹¤. (0x80070578)
[2m2025-06-16T04:36:20.715072Z[0m [31mERROR[0m [2mglazewm[0m[2m:[0m μλ»λ μ°½ ν•Έλ“¤μ…λ‹λ‹¤. (0x80070578)
[2m2025-06-16T04:36:59.808240Z[0m [31mERROR[0m [2mglazewm[0m[2m:[0m μλ»λ μ°½ ν•Έλ“¤μ…λ‹λ‹¤. (0x80070578)
[2m2025-06-16T04:37:00.145793Z[0m [31mERROR[0m [2mglazewm[0m[2m:[0m μλ»λ μ°½ ν•Έλ“¤μ…λ‹λ‹¤. (0x80070578)
[2m2025-06-16T23:39:11.447038Z[0m [31mERROR[0m [2mglazewm[0m[2m:[0m Another instance of the application is already running.
[2m2025-06-17T05:49:08.875371Z[0m [31mERROR[0m [2mglazewm[0m[2m:[0m μλ»λ μ°½ ν•Έλ“¤μ…λ‹λ‹¤. (0x80070578)
[2m2025-06-17T05:49:11.001362Z[0m [31mERROR[0m [2mglazewm[0m[2m:[0m μλ»λ μ°½ ν•Έλ“¤μ…λ‹λ‹¤. (0x80070578)
[2m2025-06-17T05:49:11.499652Z[0m [31mERROR[0m [2mglazewm[0m[2m:[0m μλ»λ μ°½ ν•Έλ“¤μ…λ‹λ‹¤. (0x80070578)
[2m2025-06-17T05:49:11.559860Z[0m [31mERROR[0m [2mglazewm[0m[2m:[0m μλ»λ μ°½ ν•Έλ“¤μ…λ‹λ‹¤. (0x80070578)
[2m2025-06-17T05:49:11.626065Z[0m [31mERROR[0m [2mglazewm[0m[2m:[0m μλ»λ μ°½ ν•Έλ“¤μ…λ‹λ‹¤. (0x80070578)
[2m2025-06-17T06:01:04.622281Z[0m [31mERROR[0m [2mglazewm[0m[2m:[0m μλ»λ μ°½ ν•Έλ“¤μ…λ‹λ‹¤. (0x80070578)
[2m2025-06-17T06:01:06.941626Z[0m [31mERROR[0m [2mglazewm[0m[2m:[0m μλ»λ μ°½ ν•Έλ“¤μ…λ‹λ‹¤. (0x80070578)
[2m2025-06-17T06:01:07.445020Z[0m [31mERROR[0m [2mglazewm[0m[2m:[0m μλ»λ μ°½ ν•Έλ“¤μ…λ‹λ‹¤. (0x80070578)
[2m2025-06-17T06:01:07.501610Z[0m [31mERROR[0m [2mglazewm[0m[2m:[0m μλ»λ μ°½ ν•Έλ“¤μ…λ‹λ‹¤. (0x80070578)
[2m2025-06-17T06:01:07.559150Z[0m [31mERROR[0m [2mglazewm[0m[2m:[0m μλ»λ μ°½ ν•Έλ“¤μ…λ‹λ‹¤. (0x80070578)
[2m2025-06-17T06:01:07.648181Z[0m [31mERROR[0m [2mglazewm[0m[2m:[0m μλ»λ μ°½ ν•Έλ“¤μ…λ‹λ‹¤. (0x80070578)
[2m2025-06-17T06:01:07.731888Z[0m [31mERROR[0m [2mglazewm[0m[2m:[0m μλ»λ μ°½ ν•Έλ“¤μ…λ‹λ‹¤. (0x80070578)
[2m2025-06-17T23:46:15.973067Z[0m [31mERROR[0m [2mglazewm[0m[2m:[0m Another instance of the application is already running.
[2m2025-06-18T23:47:37.253892Z[0m [31mERROR[0m [2mglazewm[0m[2m:[0m μλ»λ μ°½ ν•Έλ“¤μ…λ‹λ‹¤. (0x80070578)
[2m2025-06-18T23:48:43.880496Z[0m [31mERROR[0m [2mglazewm[0m[2m:[0m μλ»λ μ°½ ν•Έλ“¤μ…λ‹λ‹¤. (0x80070578)
[2m2025-06-18T23:48:44.359962Z[0m [31mERROR[0m [2mglazewm[0m[2m:[0m μλ»λ μ°½ ν•Έλ“¤μ…λ‹λ‹¤. (0x80070578)
[2m2025-06-18T23:48:44.429721Z[0m [31mERROR[0m [2mglazewm[0m[2m:[0m μλ»λ μ°½ ν•Έλ“¤μ…λ‹λ‹¤. (0x80070578)
[2m2025-06-18T23:48:44.554283Z[0m [31mERROR[0m [2mglazewm[0m[2m:[0m μλ»λ μ°½ ν•Έλ“¤μ…λ‹λ‹¤. (0x80070578)
[2m2025-06-18T23:48:44.623371Z[0m [31mERROR[0m [2mglazewm[0m[2m:[0m μλ»λ μ°½ ν•Έλ“¤μ…λ‹λ‹¤. (0x80070578)
[2m2025-06-18T23:48:44.697393Z[0m [31mERROR[0m [2mglazewm[0m[2m:[0m μλ»λ μ°½ ν•Έλ“¤μ…λ‹λ‹¤. (0x80070578)
[2m2025-06-19T02:05:51.676304Z[0m [31mERROR[0m [2mglazewm[0m[2m:[0m μλ»λ μ°½ ν•Έλ“¤μ…λ‹λ‹¤. (0x80070578)
[2m2025-06-19T02:05:54.740796Z[0m [31mERROR[0m [2mglazewm[0m[2m:[0m μλ»λ μ°½ ν•Έλ“¤μ…λ‹λ‹¤. (0x80070578)
[2m2025-06-19T02:05:55.241545Z[0m [31mERROR[0m [2mglazewm[0m[2m:[0m μλ»λ μ°½ ν•Έλ“¤μ…λ‹λ‹¤. (0x80070578)
[2m2025-06-20T08:17:49.311751Z[0m [31mERROR[0m [2mglazewm[0m[2m:[0m μλ»λ μ°½ ν•Έλ“¤μ…λ‹λ‹¤. (0x80070578)
[2m2025-06-20T08:17:51.371574Z[0m [31mERROR[0m [2mglazewm[0m[2m:[0m μλ»λ μ°½ ν•Έλ“¤μ…λ‹λ‹¤. (0x80070578)
[2m2025-06-20T08:17:51.872106Z[0m [31mERROR[0m [2mglazewm[0m[2m:[0m μλ»λ μ°½ ν•Έλ“¤μ…λ‹λ‹¤. (0x80070578)
[2m2025-06-20T08:17:51.938309Z[0m [31mERROR[0m [2mglazewm[0m[2m:[0m μλ»λ μ°½ ν•Έλ“¤μ…λ‹λ‹¤. (0x80070578)
[2m2025-06-20T08:17:52.028859Z[0m [31mERROR[0m [2mglazewm[0m[2m:[0m μλ»λ μ°½ ν•Έλ“¤μ…λ‹λ‹¤. (0x80070578)
[2m2025-06-20T08:17:52.110096Z[0m [31mERROR[0m [2mglazewm[0m[2m:[0m μλ»λ μ°½ ν•Έλ“¤μ…λ‹λ‹¤. (0x80070578)
[2m2025-06-20T08:17:52.209040Z[0m [31mERROR[0m [2mglazewm[0m[2m:[0m μλ»λ μ°½ ν•Έλ“¤μ…λ‹λ‹¤. (0x80070578)
[2m2025-06-20T08:17:52.324124Z[0m [31mERROR[0m [2mglazewm[0m[2m:[0m μλ»λ μ°½ ν•Έλ“¤μ…λ‹λ‹¤. (0x80070578)
[2m2025-06-20T08:17:52.384414Z[0m [31mERROR[0m [2mglazewm[0m[2m:[0m μλ»λ μ°½ ν•Έλ“¤μ…λ‹λ‹¤. (0x80070578)
[2m2025-06-20T08:17:52.464719Z[0m [31mERROR[0m [2mglazewm[0m[2m:[0m μλ»λ μ°½ ν•Έλ“¤μ…λ‹λ‹¤. (0x80070578)
[2m2025-06-20T08:17:52.576851Z[0m [31mERROR[0m [2mglazewm[0m[2m:[0m μλ»λ μ°½ ν•Έλ“¤μ…λ‹λ‹¤. (0x80070578)
[2m2025-06-20T08:17:53.431731Z[0m [31mERROR[0m [2mglazewm[0m[2m:[0m μλ»λ μ°½ ν•Έλ“¤μ…λ‹λ‹¤. (0x80070578)
[2m2025-06-20T08:17:53.951819Z[0m [31mERROR[0m [2mglazewm[0m[2m:[0m μλ»λ μ°½ ν•Έλ“¤μ…λ‹λ‹¤. (0x80070578)
[2m2025-06-20T08:17:54.025647Z[0m [31mERROR[0m [2mglazewm[0m[2m:[0m μλ»λ μ°½ ν•Έλ“¤μ…λ‹λ‹¤. (0x80070578)
[2m2025-06-20T08:17:54.141153Z[0m [31mERROR[0m [2mglazewm[0m[2m:[0m μλ»λ μ°½ ν•Έλ“¤μ…λ‹λ‹¤. (0x80070578)
[2m2025-06-23T01:55:13.587702Z[0m [31mERROR[0m [2mglazewm[0m[2m:[0m μλ»λ μ°½ ν•Έλ“¤μ…λ‹λ‹¤. (0x80070578)
[2m2025-06-23T01:55:27.779763Z[0m [31mERROR[0m [2mglazewm[0m[2m:[0m μλ»λ μ°½ ν•Έλ“¤μ…λ‹λ‹¤. (0x80070578)
[2m2025-06-23T01:55:28.282602Z[0m [31mERROR[0m [2mglazewm[0m[2m:[0m μλ»λ μ°½ ν•Έλ“¤μ…λ‹λ‹¤. (0x80070578)
[2m2025-06-23T05:15:46.385506Z[0m [31mERROR[0m [2mglazewm[0m[2m:[0m μλ»λ μ°½ ν•Έλ“¤μ…λ‹λ‹¤. (0x80070578)
[2m2025-06-23T05:15:47.850108Z[0m [31mERROR[0m [2mglazewm[0m[2m:[0m μλ»λ μ°½ ν•Έλ“¤μ…λ‹λ‹¤. (0x80070578)
[2m2025-06-23T05:15:48.373303Z[0m [31mERROR[0m [2mglazewm[0m[2m:[0m μλ»λ μ°½ ν•Έλ“¤μ…λ‹λ‹¤. (0x80070578)
[2m2025-06-24T02:46:17.895412Z[0m [31mERROR[0m [2mglazewm[0m[2m:[0m μλ»λ μ°½ ν•Έλ“¤μ…λ‹λ‹¤. (0x80070578)
[2m2025-06-24T02:46:25.729985Z[0m [31mERROR[0m [2mglazewm[0m[2m:[0m μλ»λ μ°½ ν•Έλ“¤μ…λ‹λ‹¤. (0x80070578)
[2m2025-06-24T02:46:26.228511Z[0m [31mERROR[0m [2mglazewm[0m[2m:[0m μλ»λ μ°½ ν•Έλ“¤μ…λ‹λ‹¤. (0x80070578)
[2m2025-06-24T08:36:11.725735Z[0m [31mERROR[0m [2mglazewm[0m[2m:[0m μλ»λ μ°½ ν•Έλ“¤μ…λ‹λ‹¤. (0x80070578)
[2m2025-06-24T08:36:12.967389Z[0m [31mERROR[0m [2mglazewm[0m[2m:[0m μλ»λ μ°½ ν•Έλ“¤μ…λ‹λ‹¤. (0x80070578)
[2m2025-06-24T08:36:13.471650Z[0m [31mERROR[0m [2mglazewm[0m[2m:[0m μλ»λ μ°½ ν•Έλ“¤μ…λ‹λ‹¤. (0x80070578)
[2m2025-06-24T08:36:13.539327Z[0m [31mERROR[0m [2mglazewm[0m[2m:[0m μλ»λ μ°½ ν•Έλ“¤μ…λ‹λ‹¤. (0x80070578)
[2m2025-06-24T08:36:13.593535Z[0m [31mERROR[0m [2mglazewm[0m[2m:[0m μλ»λ μ°½ ν•Έλ“¤μ…λ‹λ‹¤. (0x80070578)
[2m2025-06-24T08:36:13.663922Z[0m [31mERROR[0m [2mglazewm[0m[2m:[0m μλ»λ μ°½ ν•Έλ“¤μ…λ‹λ‹¤. (0x80070578)
[2m2025-06-24T08:36:13.740569Z[0m [31mERROR[0m [2mglazewm[0m[2m:[0m μλ»λ μ°½ ν•Έλ“¤μ…λ‹λ‹¤. (0x80070578)
[2m2025-06-26T00:06:22.873195Z[0m [31mERROR[0m [2mglazewm[0m[2m:[0m μλ»λ μ°½ ν•Έλ“¤μ…λ‹λ‹¤. (0x80070578)
[2m2025-06-26T00:06:24.981555Z[0m [31mERROR[0m [2mglazewm[0m[2m:[0m μλ»λ μ°½ ν•Έλ“¤μ…λ‹λ‹¤. (0x80070578)
[2m2025-06-26T00:06:25.466928Z[0m [31mERROR[0m [2mglazewm[0m[2m:[0m μλ»λ μ°½ ν•Έλ“¤μ…λ‹λ‹¤. (0x80070578)
[2m2025-06-26T00:06:45.026374Z[0m [31mERROR[0m [2mglazewm[0m[2m:[0m μλ»λ μ°½ ν•Έλ“¤μ…λ‹λ‹¤. (0x80070578)
[2m2025-06-26T00:06:46.449380Z[0m [31mERROR[0m [2mglazewm[0m[2m:[0m μλ»λ μ°½ ν•Έλ“¤μ…λ‹λ‹¤. (0x80070578)
[2m2025-06-26T00:06:46.951190Z[0m [31mERROR[0m [2mglazewm[0m[2m:[0m μλ»λ μ°½ ν•Έλ“¤μ…λ‹λ‹¤. (0x80070578)
[2m2025-06-26T00:06:47.012819Z[0m [31mERROR[0m [2mglazewm[0m[2m:[0m μλ»λ μ°½ ν•Έλ“¤μ…λ‹λ‹¤. (0x80070578)
[2m2025-06-26T00:06:47.074153Z[0m [31mERROR[0m [2mglazewm[0m[2m:[0m μλ»λ μ°½ ν•Έλ“¤μ…λ‹λ‹¤. (0x80070578)
[2m2025-06-26T00:18:23.792715Z[0m [31mERROR[0m [2mglazewm[0m[2m:[0m μλ»λ μ°½ ν•Έλ“¤μ…λ‹λ‹¤. (0x80070578)
[2m2025-06-26T00:18:25.043374Z[0m [31mERROR[0m [2mglazewm[0m[2m:[0m μλ»λ μ°½ ν•Έλ“¤μ…λ‹λ‹¤. (0x80070578)
[2m2025-06-26T00:18:25.533461Z[0m [31mERROR[0m [2mglazewm[0m[2m:[0m μλ»λ μ°½ ν•Έλ“¤μ…λ‹λ‹¤. (0x80070578)
[2m2025-06-26T00:18:25.598874Z[0m [31mERROR[0m [2mglazewm[0m[2m:[0m μλ»λ μ°½ ν•Έλ“¤μ…λ‹λ‹¤. (0x80070578)
[2m2025-06-26T00:18:25.687055Z[0m [31mERROR[0m [2mglazewm[0m[2m:[0m μλ»λ μ°½ ν•Έλ“¤μ…λ‹λ‹¤. (0x80070578)
[2m2025-06-26T00:19:22.293292Z[0m [31mERROR[0m [2mglazewm[0m[2m:[0m μλ»λ μ°½ ν•Έλ“¤μ…λ‹λ‹¤. (0x80070578)
[2m2025-06-26T00:19:23.466952Z[0m [31mERROR[0m [2mglazewm[0m[2m:[0m μλ»λ μ°½ ν•Έλ“¤μ…λ‹λ‹¤. (0x80070578)
[2m2025-06-26T00:19:23.978381Z[0m [31mERROR[0m [2mglazewm[0m[2m:[0m μλ»λ μ°½ ν•Έλ“¤μ…λ‹λ‹¤. (0x80070578)
[2m2025-06-26T00:19:24.042717Z[0m [31mERROR[0m [2mglazewm[0m[2m:[0m μλ»λ μ°½ ν•Έλ“¤μ…λ‹λ‹¤. (0x80070578)
[2m2025-06-26T00:19:24.135450Z[0m [31mERROR[0m [2mglazewm[0m[2m:[0m μλ»λ μ°½ ν•Έλ“¤μ…λ‹λ‹¤. (0x80070578)
[2m2025-06-26T00:19:24.229711Z[0m [31mERROR[0m [2mglazewm[0m[2m:[0m μλ»λ μ°½ ν•Έλ“¤μ…λ‹λ‹¤. (0x80070578)
[2m2025-06-26T00:19:24.328233Z[0m [31mERROR[0m [2mglazewm[0m[2m:[0m μλ»λ μ°½ ν•Έλ“¤μ…λ‹λ‹¤. (0x80070578)
[2m2025-06-28T04:49:22.444228Z[0m [31mERROR[0m [2mglazewm[0m[2m:[0m μλ»λ μ°½ ν•Έλ“¤μ…λ‹λ‹¤. (0x80070578)
[2m2025-06-28T04:49:25.146757Z[0m [31mERROR[0m [2mglazewm[0m[2m:[0m μλ»λ μ°½ ν•Έλ“¤μ…λ‹λ‹¤. (0x80070578)
[2m2025-06-28T04:49:25.657603Z[0m [31mERROR[0m [2mglazewm[0m[2m:[0m μλ»λ μ°½ ν•Έλ“¤μ…λ‹λ‹¤. (0x80070578)
[2m2025-06-30T00:50:08.988468Z[0m [31mERROR[0m [2mglazewm[0m[2m:[0m μλ»λ μ°½ ν•Έλ“¤μ…λ‹λ‹¤. (0x80070578)
[2m2025-06-30T00:50:10.898112Z[0m [31mERROR[0m [2mglazewm[0m[2m:[0m μλ»λ μ°½ ν•Έλ“¤μ…λ‹λ‹¤. (0x80070578)
[2m2025-06-30T00:50:11.236647Z[0m [31mERROR[0m [2mglazewm[0m[2m:[0m μλ»λ μ°½ ν•Έλ“¤μ…λ‹λ‹¤. (0x80070578)
[2m2025-06-30T00:50:11.564398Z[0m [31mERROR[0m [2mglazewm[0m[2m:[0m μλ»λ μ°½ ν•Έλ“¤μ…λ‹λ‹¤. (0x80070578)
[2m2025-06-30T00:50:12.284633Z[0m [31mERROR[0m [2mglazewm[0m[2m:[0m μλ»λ μ°½ ν•Έλ“¤μ…λ‹λ‹¤. (0x80070578)
[2m2025-06-30T00:50:12.782127Z[0m [31mERROR[0m [2mglazewm[0m[2m:[0m μλ»λ μ°½ ν•Έλ“¤μ…λ‹λ‹¤. (0x80070578)
[2m2025-06-30T00:50:12.855470Z[0m [31mERROR[0m [2mglazewm[0m[2m:[0m μλ»λ μ°½ ν•Έλ“¤μ…λ‹λ‹¤. (0x80070578)
[2m2025-06-30T00:50:12.947135Z[0m [31mERROR[0m [2mglazewm[0m[2m:[0m μλ»λ μ°½ ν•Έλ“¤μ…λ‹λ‹¤. (0x80070578)
[2m2025-06-30T00:50:13.027172Z[0m [31mERROR[0m [2mglazewm[0m[2m:[0m μλ»λ μ°½ ν•Έλ“¤μ…λ‹λ‹¤. (0x80070578)
[2m2025-06-30T00:50:13.121684Z[0m [31mERROR[0m [2mglazewm[0m[2m:[0m μλ»λ μ°½ ν•Έλ“¤μ…λ‹λ‹¤. (0x80070578)
[2m2025-06-30T00:50:14.013424Z[0m [31mERROR[0m [2mglazewm[0m[2m:[0m μλ»λ μ°½ ν•Έλ“¤μ…λ‹λ‹¤. (0x80070578)
[2m2025-06-30T00:50:14.508253Z[0m [31mERROR[0m [2mglazewm[0m[2m:[0m μλ»λ μ°½ ν•Έλ“¤μ…λ‹λ‹¤. (0x80070578)
[2m2025-06-30T00:50:14.574573Z[0m [31mERROR[0m [2mglazewm[0m[2m:[0m μλ»λ μ°½ ν•Έλ“¤μ…λ‹λ‹¤. (0x80070578)
[2m2025-06-30T00:50:14.677397Z[0m [31mERROR[0m [2mglazewm[0m[2m:[0m μλ»λ μ°½ ν•Έλ“¤μ…λ‹λ‹¤. (0x80070578)
[2m2025-06-30T00:50:14.790877Z[0m [31mERROR[0m [2mglazewm[0m[2m:[0m μλ»λ μ°½ ν•Έλ“¤μ…λ‹λ‹¤. (0x80070578)
[2m2025-06-30T00:50:14.912108Z[0m [31mERROR[0m [2mglazewm[0m[2m:[0m μλ»λ μ°½ ν•Έλ“¤μ…λ‹λ‹¤. (0x80070578)
[2m2025-06-30T00:50:15.026739Z[0m [31mERROR[0m [2mglazewm[0m[2m:[0m μλ»λ μ°½ ν•Έλ“¤μ…λ‹λ‹¤. (0x80070578)
[2m2025-06-30T00:50:15.160852Z[0m [31mERROR[0m [2mglazewm[0m[2m:[0m μλ»λ μ°½ ν•Έλ“¤μ…λ‹λ‹¤. (0x80070578)
[2m2025-06-30T00:50:15.268030Z[0m [31mERROR[0m [2mglazewm[0m[2m:[0m μλ»λ μ°½ ν•Έλ“¤μ…λ‹λ‹¤. (0x80070578)
[2m2025-06-30T00:50:15.390482Z[0m [31mERROR[0m [2mglazewm[0m[2m:[0m μλ»λ μ°½ ν•Έλ“¤μ…λ‹λ‹¤. (0x80070578)
[2m2025-06-30T00:50:15.499137Z[0m [31mERROR[0m [2mglazewm[0m[2m:[0m μλ»λ μ°½ ν•Έλ“¤μ…λ‹λ‹¤. (0x80070578)
[2m2025-06-30T00:50:15.585941Z[0m [31mERROR[0m [2mglazewm[0m[2m:[0m μλ»λ μ°½ ν•Έλ“¤μ…λ‹λ‹¤. (0x80070578)
[2m2025-06-30T00:50:15.726304Z[0m [31mERROR[0m [2mglazewm[0m[2m:[0m μλ»λ μ°½ ν•Έλ“¤μ…λ‹λ‹¤. (0x80070578)
[2m2025-06-30T00:50:15.834248Z[0m [31mERROR[0m [2mglazewm[0m[2m:[0m μλ»λ μ°½ ν•Έλ“¤μ…λ‹λ‹¤. (0x80070578)
[2m2025-06-30T00:50:15.959047Z[0m [31mERROR[0m [2mglazewm[0m[2m:[0m μλ»λ μ°½ ν•Έλ“¤μ…λ‹λ‹¤. (0x80070578)
[2m2025-06-30T00:50:16.074255Z[0m [31mERROR[0m [2mglazewm[0m[2m:[0m μλ»λ μ°½ ν•Έλ“¤μ…λ‹λ‹¤. (0x80070578)
[2m2025-06-30T00:50:16.199138Z[0m [31mERROR[0m [2mglazewm[0m[2m:[0m μλ»λ μ°½ ν•Έλ“¤μ…λ‹λ‹¤. (0x80070578)
[2m2025-06-30T00:50:16.305839Z[0m [31mERROR[0m [2mglazewm[0m[2m:[0m μλ»λ μ°½ ν•Έλ“¤μ…λ‹λ‹¤. (0x80070578)
[2m2025-06-30T00:50:16.424755Z[0m [31mERROR[0m [2mglazewm[0m[2m:[0m μλ»λ μ°½ ν•Έλ“¤μ…λ‹λ‹¤. (0x80070578)
[2m2025-06-30T00:50:16.535716Z[0m [31mERROR[0m [2mglazewm[0m[2m:[0m μλ»λ μ°½ ν•Έλ“¤μ…λ‹λ‹¤. (0x80070578)
[2m2025-06-30T00:50:16.619658Z[0m [31mERROR[0m [2mglazewm[0m[2m:[0m μλ»λ μ°½ ν•Έλ“¤μ…λ‹λ‹¤. (0x80070578)
[2m2025-06-30T00:50:16.725060Z[0m [31mERROR[0m [2mglazewm[0m[2m:[0m μλ»λ μ°½ ν•Έλ“¤μ…λ‹λ‹¤. (0x80070578)
[2m2025-06-30T00:50:16.816378Z[0m [31mERROR[0m [2mglazewm[0m[2m:[0m μλ»λ μ°½ ν•Έλ“¤μ…λ‹λ‹¤. (0x80070578)
[2m2025-06-30T00:50:16.924052Z[0m [31mERROR[0m [2mglazewm[0m[2m:[0m μλ»λ μ°½ ν•Έλ“¤μ…λ‹λ‹¤. (0x80070578)
[2m2025-06-30T00:50:17.011045Z[0m [31mERROR[0m [2mglazewm[0m[2m:[0m μλ»λ μ°½ ν•Έλ“¤μ…λ‹λ‹¤. (0x80070578)
[2m2025-06-30T00:50:17.116600Z[0m [31mERROR[0m [2mglazewm[0m[2m:[0m μλ»λ μ°½ ν•Έλ“¤μ…λ‹λ‹¤. (0x80070578)
[2m2025-06-30T00:50:17.203768Z[0m [31mERROR[0m [2mglazewm[0m[2m:[0m μλ»λ μ°½ ν•Έλ“¤μ…λ‹λ‹¤. (0x80070578)
[2m2025-06-30T00:50:17.326982Z[0m [31mERROR[0m [2mglazewm[0m[2m:[0m μλ»λ μ°½ ν•Έλ“¤μ…λ‹λ‹¤. (0x80070578)
[2m2025-06-30T00:50:17.419676Z[0m [31mERROR[0m [2mglazewm[0m[2m:[0m μλ»λ μ°½ ν•Έλ“¤μ…λ‹λ‹¤. (0x80070578)
[2m2025-06-30T00:50:17.533088Z[0m [31mERROR[0m [2mglazewm[0m[2m:[0m μλ»λ μ°½ ν•Έλ“¤μ…λ‹λ‹¤. (0x80070578)
[2m2025-06-30T00:50:17.634585Z[0m [31mERROR[0m [2mglazewm[0m[2m:[0m μλ»λ μ°½ ν•Έλ“¤μ…λ‹λ‹¤. (0x80070578)
[2m2025-06-30T00:50:17.733318Z[0m [31mERROR[0m [2mglazewm[0m[2m:[0m μλ»λ μ°½ ν•Έλ“¤μ…λ‹λ‹¤. (0x80070578)
[2m2025-06-30T00:50:17.835894Z[0m [31mERROR[0m [2mglazewm[0m[2m:[0m μλ»λ μ°½ ν•Έλ“¤μ…λ‹λ‹¤. (0x80070578)
[2m2025-06-30T00:50:17.945855Z[0m [31mERROR[0m [2mglazewm[0m[2m:[0m μλ»λ μ°½ ν•Έλ“¤μ…λ‹λ‹¤. (0x80070578)
[2m2025-06-30T00:50:18.037547Z[0m [31mERROR[0m [2mglazewm[0m[2m:[0m μλ»λ μ°½ ν•Έλ“¤μ…λ‹λ‹¤. (0x80070578)
[2m2025-06-30T00:50:18.142093Z[0m [31mERROR[0m [2mglazewm[0m[2m:[0m μλ»λ μ°½ ν•Έλ“¤μ…λ‹λ‹¤. (0x80070578)
[2m2025-06-30T00:50:18.212112Z[0m [31mERROR[0m [2mglazewm[0m[2m:[0m μλ»λ μ°½ ν•Έλ“¤μ…λ‹λ‹¤. (0x80070578)
[2m2025-06-30T00:50:18.335054Z[0m [31mERROR[0m [2mglazewm[0m[2m:[0m μλ»λ μ°½ ν•Έλ“¤μ…λ‹λ‹¤. (0x80070578)
[2m2025-06-30T00:50:18.439045Z[0m [31mERROR[0m [2mglazewm[0m[2m:[0m μλ»λ μ°½ ν•Έλ“¤μ…λ‹λ‹¤. (0x80070578)
[2m2025-06-30T00:50:18.528864Z[0m [31mERROR[0m [2mglazewm[0m[2m:[0m μλ»λ μ°½ ν•Έλ“¤μ…λ‹λ‹¤. (0x80070578)
[2m2025-06-30T00:50:18.600638Z[0m [31mERROR[0m [2mglazewm[0m[2m:[0m μλ»λ μ°½ ν•Έλ“¤μ…λ‹λ‹¤. (0x80070578)
[2m2025-06-30T00:50:18.726638Z[0m [31mERROR[0m [2mglazewm[0m[2m:[0m μλ»λ μ°½ ν•Έλ“¤μ…λ‹λ‹¤. (0x80070578)
[2m2025-06-30T00:50:18.824115Z[0m [31mERROR[0m [2mglazewm[0m[2m:[0m μλ»λ μ°½ ν•Έλ“¤μ…λ‹λ‹¤. (0x80070578)
[2m2025-06-30T00:50:18.929349Z[0m [31mERROR[0m [2mglazewm[0m[2m:[0m μλ»λ μ°½ ν•Έλ“¤μ…λ‹λ‹¤. (0x80070578)
[2m2025-06-30T00:50:19.027160Z[0m [31mERROR[0m [2mglazewm[0m[2m:[0m μλ»λ μ°½ ν•Έλ“¤μ…λ‹λ‹¤. (0x80070578)
[2m2025-06-30T00:50:19.128987Z[0m [31mERROR[0m [2mglazewm[0m[2m:[0m μλ»λ μ°½ ν•Έλ“¤μ…λ‹λ‹¤. (0x80070578)
[2m2025-06-30T00:50:19.213345Z[0m [31mERROR[0m [2mglazewm[0m[2m:[0m μλ»λ μ°½ ν•Έλ“¤μ…λ‹λ‹¤. (0x80070578)
[2m2025-06-30T00:50:19.296954Z[0m [31mERROR[0m [2mglazewm[0m[2m:[0m μλ»λ μ°½ ν•Έλ“¤μ…λ‹λ‹¤. (0x80070578)
[2m2025-06-30T00:50:19.378649Z[0m [31mERROR[0m [2mglazewm[0m[2m:[0m μλ»λ μ°½ ν•Έλ“¤μ…λ‹λ‹¤. (0x80070578)
[2m2025-06-30T00:50:19.442216Z[0m [31mERROR[0m [2mglazewm[0m[2m:[0m μλ»λ μ°½ ν•Έλ“¤μ…λ‹λ‹¤. (0x80070578)
[2m2025-06-30T00:50:19.501759Z[0m [31mERROR[0m [2mglazewm[0m[2m:[0m μλ»λ μ°½ ν•Έλ“¤μ…λ‹λ‹¤. (0x80070578)
[2m2025-06-30T00:50:19.607891Z[0m [31mERROR[0m [2mglazewm[0m[2m:[0m μλ»λ μ°½ ν•Έλ“¤μ…λ‹λ‹¤. (0x80070578)
[2m2025-06-30T00:50:19.700832Z[0m [31mERROR[0m [2mglazewm[0m[2m:[0m μλ»λ μ°½ ν•Έλ“¤μ…λ‹λ‹¤. (0x80070578)
[2m2025-06-30T00:50:19.792583Z[0m [31mERROR[0m [2mglazewm[0m[2m:[0m μλ»λ μ°½ ν•Έλ“¤μ…λ‹λ‹¤. (0x80070578)
[2m2025-06-30T00:50:19.874527Z[0m [31mERROR[0m [2mglazewm[0m[2m:[0m μλ»λ μ°½ ν•Έλ“¤μ…λ‹λ‹¤. (0x80070578)
[2m2025-06-30T00:50:19.974727Z[0m [31mERROR[0m [2mglazewm[0m[2m:[0m μλ»λ μ°½ ν•Έλ“¤μ…λ‹λ‹¤. (0x80070578)
[2m2025-06-30T00:50:20.054166Z[0m [31mERROR[0m [2mglazewm[0m[2m:[0m μλ»λ μ°½ ν•Έλ“¤μ…λ‹λ‹¤. (0x80070578)
[2m2025-06-30T00:50:20.143700Z[0m [31mERROR[0m [2mglazewm[0m[2m:[0m μλ»λ μ°½ ν•Έλ“¤μ…λ‹λ‹¤. (0x80070578)
[2m2025-06-30T00:50:20.241984Z[0m [31mERROR[0m [2mglazewm[0m[2m:[0m μλ»λ μ°½ ν•Έλ“¤μ…λ‹λ‹¤. (0x80070578)
[2m2025-06-30T00:50:20.343443Z[0m [31mERROR[0m [2mglazewm[0m[2m:[0m μλ»λ μ°½ ν•Έλ“¤μ…λ‹λ‹¤. (0x80070578)
[2m2025-06-30T00:50:20.444531Z[0m [31mERROR[0m [2mglazewm[0m[2m:[0m μλ»λ μ°½ ν•Έλ“¤μ…λ‹λ‹¤. (0x80070578)
[2m2025-06-30T00:50:20.518239Z[0m [31mERROR[0m [2mglazewm[0m[2m:[0m μλ»λ μ°½ ν•Έλ“¤μ…λ‹λ‹¤. (0x80070578)
[2m2025-06-30T00:50:20.615235Z[0m [31mERROR[0m [2mglazewm[0m[2m:[0m μλ»λ μ°½ ν•Έλ“¤μ…λ‹λ‹¤. (0x80070578)
[2m2025-06-30T00:50:20.713279Z[0m [31mERROR[0m [2mglazewm[0m[2m:[0m μλ»λ μ°½ ν•Έλ“¤μ…λ‹λ‹¤. (0x80070578)
[2m2025-06-30T00:50:20.798499Z[0m [31mERROR[0m [2mglazewm[0m[2m:[0m μλ»λ μ°½ ν•Έλ“¤μ…λ‹λ‹¤. (0x80070578)
[2m2025-06-30T00:50:20.894693Z[0m [31mERROR[0m [2mglazewm[0m[2m:[0m μλ»λ μ°½ ν•Έλ“¤μ…λ‹λ‹¤. (0x80070578)
[2m2025-06-30T00:50:20.978369Z[0m [31mERROR[0m [2mglazewm[0m[2m:[0m μλ»λ μ°½ ν•Έλ“¤μ…λ‹λ‹¤. (0x80070578)
[2m2025-06-30T00:50:21.086655Z[0m [31mERROR[0m [2mglazewm[0m[2m:[0m μλ»λ μ°½ ν•Έλ“¤μ…λ‹λ‹¤. (0x80070578)
[2m2025-06-30T00:50:21.189791Z[0m [31mERROR[0m [2mglazewm[0m[2m:[0m μλ»λ μ°½ ν•Έλ“¤μ…λ‹λ‹¤. (0x80070578)
[2m2025-06-30T00:50:21.289540Z[0m [31mERROR[0m [2mglazewm[0m[2m:[0m μλ»λ μ°½ ν•Έλ“¤μ…λ‹λ‹¤. (0x80070578)
[2m2025-06-30T00:50:21.400048Z[0m [31mERROR[0m [2mglazewm[0m[2m:[0m μλ»λ μ°½ ν•Έλ“¤μ…λ‹λ‹¤. (0x80070578)
[2m2025-06-30T00:50:21.495504Z[0m [31mERROR[0m [2mglazewm[0m[2m:[0m μλ»λ μ°½ ν•Έλ“¤μ…λ‹λ‹¤. (0x80070578)
[2m2025-06-30T00:50:21.601724Z[0m [31mERROR[0m [2mglazewm[0m[2m:[0m μλ»λ μ°½ ν•Έλ“¤μ…λ‹λ‹¤. (0x80070578)
[2m2025-06-30T00:50:21.687774Z[0m [31mERROR[0m [2mglazewm[0m[2m:[0m μλ»λ μ°½ ν•Έλ“¤μ…λ‹λ‹¤. (0x80070578)
[2m2025-06-30T00:50:21.766547Z[0m [31mERROR[0m [2mglazewm[0m[2m:[0m μλ»λ μ°½ ν•Έλ“¤μ…λ‹λ‹¤. (0x80070578)
[2m2025-06-30T00:50:21.839368Z[0m [31mERROR[0m [2mglazewm[0m[2m:[0m μλ»λ μ°½ ν•Έλ“¤μ…λ‹λ‹¤. (0x80070578)
[2m2025-06-30T00:51:12.536494Z[0m [31mERROR[0m [2mglazewm[0m[2m:[0m channel closed
[2m2025-06-30T00:51:13.027763Z[0m [31mERROR[0m [2mglazewm[0m[2m:[0m μλ»λ μ°½ ν•Έλ“¤μ…λ‹λ‹¤. (0x80070578)
[2m2025-06-30T00:51:13.142707Z[0m [31mERROR[0m [2mglazewm[0m[2m:[0m μλ»λ μ°½ ν•Έλ“¤μ…λ‹λ‹¤. (0x80070578)
[2m2025-06-30T00:51:13.246887Z[0m [31mERROR[0m [2mglazewm[0m[2m:[0m μλ»λ μ°½ ν•Έλ“¤μ…λ‹λ‹¤. (0x80070578)
[2m2025-06-30T00:51:13.321241Z[0m [31mERROR[0m [2mglazewm[0m[2m:[0m μλ»λ μ°½ ν•Έλ“¤μ…λ‹λ‹¤. (0x80070578)
[2m2025-06-30T00:51:13.389236Z[0m [31mERROR[0m [2mglazewm[0m[2m:[0m μλ»λ μ°½ ν•Έλ“¤μ…λ‹λ‹¤. (0x80070578)
[2m2025-06-30T00:51:13.491989Z[0m [31mERROR[0m [2mglazewm[0m[2m:[0m μλ»λ μ°½ ν•Έλ“¤μ…λ‹λ‹¤. (0x80070578)
[2m2025-06-30T00:51:13.576992Z[0m [31mERROR[0m [2mglazewm[0m[2m:[0m μλ»λ μ°½ ν•Έλ“¤μ…λ‹λ‹¤. (0x80070578)
[2m2025-06-30T00:51:13.680927Z[0m [31mERROR[0m [2mglazewm[0m[2m:[0m μλ»λ μ°½ ν•Έλ“¤μ…λ‹λ‹¤. (0x80070578)
[2m2025-06-30T00:51:13.758064Z[0m [31mERROR[0m [2mglazewm[0m[2m:[0m μλ»λ μ°½ ν•Έλ“¤μ…λ‹λ‹¤. (0x80070578)
[2m2025-06-30T00:51:13.846677Z[0m [31mERROR[0m [2mglazewm[0m[2m:[0m μλ»λ μ°½ ν•Έλ“¤μ…λ‹λ‹¤. (0x80070578)
[2m2025-06-30T00:51:13.914369Z[0m [31mERROR[0m [2mglazewm[0m[2m:[0m μλ»λ μ°½ ν•Έλ“¤μ…λ‹λ‹¤. (0x80070578)
[2m2025-06-30T00:51:14.011265Z[0m [31mERROR[0m [2mglazewm[0m[2m:[0m μλ»λ μ°½ ν•Έλ“¤μ…λ‹λ‹¤. (0x80070578)
[2m2025-06-30T00:51:14.081856Z[0m [31mERROR[0m [2mglazewm[0m[2m:[0m μλ»λ μ°½ ν•Έλ“¤μ…λ‹λ‹¤. (0x80070578)
[2m2025-06-30T00:51:14.162623Z[0m [31mERROR[0m [2mglazewm[0m[2m:[0m μλ»λ μ°½ ν•Έλ“¤μ…λ‹λ‹¤. (0x80070578)
[2m2025-06-30T00:51:14.222543Z[0m [31mERROR[0m [2mglazewm[0m[2m:[0m μλ»λ μ°½ ν•Έλ“¤μ…λ‹λ‹¤. (0x80070578)
[2m2025-06-30T00:51:14.314626Z[0m [31mERROR[0m [2mglazewm[0m[2m:[0m μλ»λ μ°½ ν•Έλ“¤μ…λ‹λ‹¤. (0x80070578)
[2m2025-06-30T00:51:14.388121Z[0m [31mERROR[0m [2mglazewm[0m[2m:[0m μλ»λ μ°½ ν•Έλ“¤μ…λ‹λ‹¤. (0x80070578)
[2m2025-06-30T00:51:14.469775Z[0m [31mERROR[0m [2mglazewm[0m[2m:[0m μλ»λ μ°½ ν•Έλ“¤μ…λ‹λ‹¤. (0x80070578)
[2m2025-06-30T00:51:14.535991Z[0m [31mERROR[0m [2mglazewm[0m[2m:[0m μλ»λ μ°½ ν•Έλ“¤μ…λ‹λ‹¤. (0x80070578)
[2m2025-06-30T00:51:14.592685Z[0m [31mERROR[0m [2mglazewm[0m[2m:[0m μλ»λ μ°½ ν•Έλ“¤μ…λ‹λ‹¤. (0x80070578)
[2m2025-06-30T00:51:14.656981Z[0m [31mERROR[0m [2mglazewm[0m[2m:[0m μλ»λ μ°½ ν•Έλ“¤μ…λ‹λ‹¤. (0x80070578)
[2m2025-06-30T00:51:14.706609Z[0m [31mERROR[0m [2mglazewm[0m[2m:[0m μλ»λ μ°½ ν•Έλ“¤μ…λ‹λ‹¤. (0x80070578)
[2m2025-06-30T00:51:14.785394Z[0m [31mERROR[0m [2mglazewm[0m[2m:[0m channel closed
[2m2025-06-30T00:51:46.768598Z[0m [31mERROR[0m [2mglazewm[0m[2m:[0m channel closed
[2m2025-06-30T00:51:47.453365Z[0m [31mERROR[0m [2mglazewm[0m[2m:[0m μλ»λ μ°½ ν•Έλ“¤μ…λ‹λ‹¤. (0x80070578)
[2m2025-06-30T00:51:49.415002Z[0m [31mERROR[0m [2mglazewm[0m[2m:[0m μλ»λ μ°½ ν•Έλ“¤μ…λ‹λ‹¤. (0x80070578)
[2m2025-06-30T00:51:50.131355Z[0m [31mERROR[0m [2mglazewm[0m[2m:[0m μλ»λ μ°½ ν•Έλ“¤μ…λ‹λ‹¤. (0x80070578)
[2m2025-06-30T00:51:50.397376Z[0m [31mERROR[0m [2mglazewm[0m[2m:[0m μλ»λ μ°½ ν•Έλ“¤μ…λ‹λ‹¤. (0x80070578)
[2m2025-06-30T00:51:50.670727Z[0m [31mERROR[0m [2mglazewm[0m[2m:[0m μλ»λ μ°½ ν•Έλ“¤μ…λ‹λ‹¤. (0x80070578)
[2m2025-06-30T00:51:50.894550Z[0m [31mERROR[0m [2mglazewm[0m[2m:[0m μλ»λ μ°½ ν•Έλ“¤μ…λ‹λ‹¤. (0x80070578)
[2m2025-06-30T00:51:51.125760Z[0m [31mERROR[0m [2mglazewm[0m[2m:[0m μλ»λ μ°½ ν•Έλ“¤μ…λ‹λ‹¤. (0x80070578)
[2m2025-06-30T00:51:51.279561Z[0m [31mERROR[0m [2mglazewm[0m[2m:[0m channel closed
[2m2025-06-30T00:52:08.443769Z[0m [31mERROR[0m [2mglazewm[0m[2m:[0m channel closed
[2m2025-06-30T00:52:09.443706Z[0m [31mERROR[0m [2mglazewm[0m[2m:[0m μλ»λ μ°½ ν•Έλ“¤μ…λ‹λ‹¤. (0x80070578)
[2m2025-06-30T00:52:09.978267Z[0m [31mERROR[0m [2mglazewm[0m[2m:[0m channel closed
[2m2025-06-30T00:52:10.107160Z[0m [31mERROR[0m [2mglazewm[0m[2m:[0m μλ»λ μ°½ ν•Έλ“¤μ…λ‹λ‹¤. (0x80070578)
[2m2025-06-30T00:52:10.240719Z[0m [31mERROR[0m [2mglazewm[0m[2m:[0m μλ»λ μ°½ ν•Έλ“¤μ…λ‹λ‹¤. (0x80070578)
[2m2025-06-30T00:52:10.375214Z[0m [31mERROR[0m [2mglazewm[0m[2m:[0m μλ»λ μ°½ ν•Έλ“¤μ…λ‹λ‹¤. (0x80070578)
[2m2025-06-30T00:52:10.525790Z[0m [31mERROR[0m [2mglazewm[0m[2m:[0m μλ»λ μ°½ ν•Έλ“¤μ…λ‹λ‹¤. (0x80070578)
[2m2025-06-30T00:52:10.684629Z[0m [31mERROR[0m [2mglazewm[0m[2m:[0m μλ»λ μ°½ ν•Έλ“¤μ…λ‹λ‹¤. (0x80070578)
[2m2025-06-30T00:52:10.867380Z[0m [31mERROR[0m [2mglazewm[0m[2m:[0m μλ»λ μ°½ ν•Έλ“¤μ…λ‹λ‹¤. (0x80070578)
[2m2025-06-30T00:52:10.969051Z[0m [31mERROR[0m [2mglazewm[0m[2m:[0m μλ»λ μ°½ ν•Έλ“¤μ…λ‹λ‹¤. (0x80070578)
[2m2025-06-30T00:52:11.082204Z[0m [31mERROR[0m [2mglazewm[0m[2m:[0m μλ»λ μ°½ ν•Έλ“¤μ…λ‹λ‹¤. (0x80070578)
[2m2025-06-30T00:52:11.156345Z[0m [31mERROR[0m [2mglazewm[0m[2m:[0m μλ»λ μ°½ ν•Έλ“¤μ…λ‹λ‹¤. (0x80070578)
[2m2025-06-30T00:52:11.230027Z[0m [31mERROR[0m [2mglazewm[0m[2m:[0m μλ»λ μ°½ ν•Έλ“¤μ…λ‹λ‹¤. (0x80070578)
[2m2025-06-30T00:52:11.319295Z[0m [31mERROR[0m [2mglazewm[0m[2m:[0m channel closed
[2m2025-06-30T00:52:11.409628Z[0m [31mERROR[0m [2mglazewm[0m[2m:[0m μλ»λ μ°½ ν•Έλ“¤μ…λ‹λ‹¤. (0x80070578)
[2m2025-06-30T00:52:11.508972Z[0m [31mERROR[0m [2mglazewm[0m[2m:[0m channel closed
[2m2025-06-30T00:52:11.571183Z[0m [31mERROR[0m [2mglazewm[0m[2m:[0m μλ»λ μ°½ ν•Έλ“¤μ…λ‹λ‹¤. (0x80070578)
[2m2025-06-30T00:52:11.635019Z[0m [31mERROR[0m [2mglazewm[0m[2m:[0m μλ»λ μ°½ ν•Έλ“¤μ…λ‹λ‹¤. (0x80070578)
[2m2025-06-30T00:52:11.749598Z[0m [31mERROR[0m [2mglazewm[0m[2m:[0m μλ»λ μ°½ ν•Έλ“¤μ…λ‹λ‹¤. (0x80070578)
[2m2025-06-30T00:52:11.832210Z[0m [31mERROR[0m [2mglazewm[0m[2m:[0m μλ»λ μ°½ ν•Έλ“¤μ…λ‹λ‹¤. (0x80070578)
[2m2025-06-30T00:52:29.951476Z[0m [31mERROR[0m [2mglazewm[0m[2m:[0m μλ»λ μ°½ ν•Έλ“¤μ…λ‹λ‹¤. (0x80070578)
[2m2025-06-30T00:52:30.999263Z[0m [31mERROR[0m [2mglazewm[0m[2m:[0m μλ»λ μ°½ ν•Έλ“¤μ…λ‹λ‹¤. (0x80070578)
[2m2025-06-30T00:52:31.506250Z[0m [31mERROR[0m [2mglazewm[0m[2m:[0m μλ»λ μ°½ ν•Έλ“¤μ…λ‹λ‹¤. (0x80070578)
[2m2025-06-30T00:52:31.580221Z[0m [31mERROR[0m [2mglazewm[0m[2m:[0m channel closed
[2m2025-06-30T00:52:31.662323Z[0m [31mERROR[0m [2mglazewm[0m[2m:[0m channel closed
[2m2025-06-30T00:52:31.737470Z[0m [31mERROR[0m [2mglazewm[0m[2m:[0m μλ»λ μ°½ ν•Έλ“¤μ…λ‹λ‹¤. (0x80070578)
[2m2025-06-30T00:52:31.890262Z[0m [31mERROR[0m [2mglazewm[0m[2m:[0m μλ»λ μ°½ ν•Έλ“¤μ…λ‹λ‹¤. (0x80070578)
[2m2025-06-30T06:50:30.784950Z[0m [31mERROR[0m [2mglazewm[0m[2m:[0m Another instance of the application is already running.
[2m2025-06-30T07:02:47.354327Z[0m [31mERROR[0m [2mglazewm[0m[2m:[0m Another instance of the application is already running.
[2m2025-07-01T23:41:57.192727Z[0m [31mERROR[0m [2mglazewm[0m[2m:[0m channel closed
[2m2025-07-01T23:43:16.833162Z[0m [31mERROR[0m [2mglazewm[0m[2m:[0m channel closed
[2m2025-07-01T23:43:17.321589Z[0m [31mERROR[0m [2mglazewm[0m[2m:[0m channel closed
[2m2025-07-01T23:43:17.397222Z[0m [31mERROR[0m [2mglazewm[0m[2m:[0m channel closed
[2m2025-07-01T23:43:17.467224Z[0m [31mERROR[0m [2mglazewm[0m[2m:[0m channel closed
[2m2025-07-02T02:16:39.414347Z[0m [31mERROR[0m [2mglazewm[0m[2m:[0m μλ»λ μ°½ ν•Έλ“¤μ…λ‹λ‹¤. (0x80070578)
[2m2025-07-02T02:16:40.654182Z[0m [31mERROR[0m [2mglazewm[0m[2m:[0m μλ»λ μ°½ ν•Έλ“¤μ…λ‹λ‹¤. (0x80070578)
[2m2025-07-02T02:16:41.143845Z[0m [31mERROR[0m [2mglazewm[0m[2m:[0m μλ»λ μ°½ ν•Έλ“¤μ…λ‹λ‹¤. (0x80070578)
[2m2025-07-02T02:16:41.195492Z[0m [31mERROR[0m [2mglazewm[0m[2m:[0m μλ»λ μ°½ ν•Έλ“¤μ…λ‹λ‹¤. (0x80070578)
[2m2025-07-02T02:16:41.261508Z[0m [31mERROR[0m [2mglazewm[0m[2m:[0m μλ»λ μ°½ ν•Έλ“¤μ…λ‹λ‹¤. (0x80070578)
[2m2025-07-02T02:16:41.337195Z[0m [31mERROR[0m [2mglazewm[0m[2m:[0m μλ»λ μ°½ ν•Έλ“¤μ…λ‹λ‹¤. (0x80070578)
[2m2025-07-02T02:16:41.403708Z[0m [31mERROR[0m [2mglazewm[0m[2m:[0m μλ»λ μ°½ ν•Έλ“¤μ…λ‹λ‹¤. (0x80070578)
[2m2025-07-28T00:25:48.919907Z[0m [31mERROR[0m [2mglazewm[0m[2m:[0m μλ»λ μ°½ ν•Έλ“¤μ…λ‹λ‹¤. (0x80070578)
[2m2025-07-28T00:25:51.151196Z[0m [31mERROR[0m [2mglazewm[0m[2m:[0m μλ»λ μ°½ ν•Έλ“¤μ…λ‹λ‹¤. (0x80070578)
[2m2025-07-28T00:25:51.643745Z[0m [31mERROR[0m [2mglazewm[0m[2m:[0m μλ»λ μ°½ ν•Έλ“¤μ…λ‹λ‹¤. (0x80070578)
[2m2025-07-28T00:25:51.720654Z[0m [31mERROR[0m [2mglazewm[0m[2m:[0m μλ»λ μ°½ ν•Έλ“¤μ…λ‹λ‹¤. (0x80070578)
[2m2025-07-28T00:25:51.782106Z[0m [31mERROR[0m [2mglazewm[0m[2m:[0m μλ»λ μ°½ ν•Έλ“¤μ…λ‹λ‹¤. (0x80070578)
[2m2025-07-28T00:25:51.871089Z[0m [31mERROR[0m [2mglazewm[0m[2m:[0m μλ»λ μ°½ ν•Έλ“¤μ…λ‹λ‹¤. (0x80070578)
[2m2025-07-28T00:25:51.989693Z[0m [31mERROR[0m [2mglazewm[0m[2m:[0m μλ»λ μ°½ ν•Έλ“¤μ…λ‹λ‹¤. (0x80070578)
[2m2025-07-28T00:25:52.103849Z[0m [31mERROR[0m [2mglazewm[0m[2m:[0m μλ»λ μ°½ ν•Έλ“¤μ…λ‹λ‹¤. (0x80070578)
[2m2025-07-28T00:25:52.221044Z[0m [31mERROR[0m [2mglazewm[0m[2m:[0m μλ»λ μ°½ ν•Έλ“¤μ…λ‹λ‹¤. (0x80070578)
[2m2025-07-28T00:25:52.267882Z[0m [31mERROR[0m [2mglazewm[0m[2m:[0m μλ»λ μ°½ ν•Έλ“¤μ…λ‹λ‹¤. (0x80070578)
[2m2025-07-28T00:25:52.338407Z[0m [31mERROR[0m [2mglazewm[0m[2m:[0m μλ»λ μ°½ ν•Έλ“¤μ…λ‹λ‹¤. (0x80070578)
[2m2025-07-28T00:25:52.399265Z[0m [31mERROR[0m [2mglazewm[0m[2m:[0m μλ»λ μ°½ ν•Έλ“¤μ…λ‹λ‹¤. (0x80070578)
[2m2025-07-28T00:25:52.474243Z[0m [31mERROR[0m [2mglazewm[0m[2m:[0m μλ»λ μ°½ ν•Έλ“¤μ…λ‹λ‹¤. (0x80070578)
[2m2025-07-28T00:25:52.545487Z[0m [31mERROR[0m [2mglazewm[0m[2m:[0m μλ»λ μ°½ ν•Έλ“¤μ…λ‹λ‹¤. (0x80070578)
[2m2025-07-28T00:25:52.620368Z[0m [31mERROR[0m [2mglazewm[0m[2m:[0m μλ»λ μ°½ ν•Έλ“¤μ…λ‹λ‹¤. (0x80070578)
[2m2025-07-28T00:25:52.684768Z[0m [31mERROR[0m [2mglazewm[0m[2m:[0m μλ»λ μ°½ ν•Έλ“¤μ…λ‹λ‹¤. (0x80070578)
[2m2025-07-28T00:25:52.804295Z[0m [31mERROR[0m [2mglazewm[0m[2m:[0m μλ»λ μ°½ ν•Έλ“¤μ…λ‹λ‹¤. (0x80070578)
[2m2025-07-28T00:25:52.882018Z[0m [31mERROR[0m [2mglazewm[0m[2m:[0m μλ»λ μ°½ ν•Έλ“¤μ…λ‹λ‹¤. (0x80070578)
[2m2025-07-28T00:25:52.958367Z[0m [31mERROR[0m [2mglazewm[0m[2m:[0m μλ»λ μ°½ ν•Έλ“¤μ…λ‹λ‹¤. (0x80070578)
[2m2025-07-28T00:25:53.052580Z[0m [31mERROR[0m [2mglazewm[0m[2m:[0m μλ»λ μ°½ ν•Έλ“¤μ…λ‹λ‹¤. (0x80070578)
[2m2025-07-28T00:25:53.138008Z[0m [31mERROR[0m [2mglazewm[0m[2m:[0m μλ»λ μ°½ ν•Έλ“¤μ…λ‹λ‹¤. (0x80070578)
[2m2025-07-28T00:25:53.386553Z[0m [31mERROR[0m [2mglazewm[0m[2m:[0m μλ»λ μ°½ ν•Έλ“¤μ…λ‹λ‹¤. (0x80070578)
[2m2025-07-28T00:25:53.530643Z[0m [31mERROR[0m [2mglazewm[0m[2m:[0m μλ»λ μ°½ ν•Έλ“¤μ…λ‹λ‹¤. (0x80070578)
[2m2025-07-28T00:25:53.636353Z[0m [31mERROR[0m [2mglazewm[0m[2m:[0m μλ»λ μ°½ ν•Έλ“¤μ…λ‹λ‹¤. (0x80070578)
[2m2025-07-28T00:25:53.716192Z[0m [31mERROR[0m [2mglazewm[0m[2m:[0m μλ»λ μ°½ ν•Έλ“¤μ…λ‹λ‹¤. (0x80070578)
[2m2025-07-28T00:25:53.799134Z[0m [31mERROR[0m [2mglazewm[0m[2m:[0m μλ»λ μ°½ ν•Έλ“¤μ…λ‹λ‹¤. (0x80070578)
[2m2025-07-28T00:25:53.926368Z[0m [31mERROR[0m [2mglazewm[0m[2m:[0m μλ»λ μ°½ ν•Έλ“¤μ…λ‹λ‹¤. (0x80070578)
[2m2025-07-28T00:25:54.033876Z[0m [31mERROR[0m [2mglazewm[0m[2m:[0m μλ»λ μ°½ ν•Έλ“¤μ…λ‹λ‹¤. (0x80070578)
[2m2025-07-28T00:25:54.134711Z[0m [31mERROR[0m [2mglazewm[0m[2m:[0m μλ»λ μ°½ ν•Έλ“¤μ…λ‹λ‹¤. (0x80070578)
[2m2025-07-28T00:25:54.193437Z[0m [31mERROR[0m [2mglazewm[0m[2m:[0m μλ»λ μ°½ ν•Έλ“¤μ…λ‹λ‹¤. (0x80070578)
[2m2025-07-28T00:25:54.268468Z[0m [31mERROR[0m [2mglazewm[0m[2m:[0m μλ»λ μ°½ ν•Έλ“¤μ…λ‹λ‹¤. (0x80070578)
[2m2025-07-28T00:25:54.320817Z[0m [31mERROR[0m [2mglazewm[0m[2m:[0m μλ»λ μ°½ ν•Έλ“¤μ…λ‹λ‹¤. (0x80070578)
[2m2025-07-29T23:46:08.912251Z[0m [31mERROR[0m [2mglazewm[0m[2m:[0m channel closed
[2m2025-07-29T23:46:21.147325Z[0m [31mERROR[0m [2mglazewm[0m[2m:[0m channel closed
[2m2025-07-29T23:46:21.662648Z[0m [31mERROR[0m [2mglazewm[0m[2m:[0m channel closed
[2m2025-07-29T23:46:21.728886Z[0m [31mERROR[0m [2mglazewm[0m[2m:[0m channel closed
[2m2025-07-29T23:46:21.815056Z[0m [31mERROR[0m [2mglazewm[0m[2m:[0m channel closed
[2m2025-07-29T23:46:21.876921Z[0m [31mERROR[0m [2mglazewm[0m[2m:[0m channel closed
[2m2025-07-29T23:46:21.966037Z[0m [31mERROR[0m [2mglazewm[0m[2m:[0m channel closed
[2m2025-07-29T23:46:22.019078Z[0m [31mERROR[0m [2mglazewm[0m[2m:[0m channel closed
[2m2025-07-31T07:48:48.706733Z[0m [31mERROR[0m [2mglazewm[0m[2m:[0m μλ»λ μ°½ ν•Έλ“¤μ…λ‹λ‹¤. (0x80070578)
[2m2025-08-10T23:55:35.319342Z[0m [31mERROR[0m [2mglazewm[0m[2m:[0m Another instance of the application is already running.
[2m2025-08-12T00:15:21.244983Z[0m [31mERROR[0m [2mglazewm[0m[2m:[0m channel closed
[2m2025-08-12T00:15:23.809122Z[0m [31mERROR[0m [2mglazewm[0m[2m:[0m channel closed
[2m2025-08-12T00:15:24.370512Z[0m [31mERROR[0m [2mglazewm[0m[2m:[0m channel closed
[2m2025-08-12T00:15:24.801163Z[0m [31mERROR[0m [2mglazewm[0m[2m:[0m channel closed
[2m2025-08-12T00:15:25.357618Z[0m [31mERROR[0m [2mglazewm[0m[2m:[0m channel closed
[2m2025-08-12T00:15:25.864998Z[0m [31mERROR[0m [2mglazewm[0m[2m:[0m channel closed
[2m2025-08-12T00:15:25.927741Z[0m [31mERROR[0m [2mglazewm[0m[2m:[0m channel closed
[2m2025-08-12T00:15:25.983500Z[0m [31mERROR[0m [2mglazewm[0m[2m:[0m channel closed
[2m2025-08-12T00:15:26.050417Z[0m [31mERROR[0m [2mglazewm[0m[2m:[0m channel closed
[2m2025-08-12T00:15:26.102319Z[0m [31mERROR[0m [2mglazewm[0m[2m:[0m channel closed
[2m2025-08-12T00:15:26.176963Z[0m [31mERROR[0m [2mglazewm[0m[2m:[0m channel closed
[2m2025-08-12T00:15:26.241115Z[0m [31mERROR[0m [2mglazewm[0m[2m:[0m channel closed
[2m2025-08-12T00:15:26.309707Z[0m [31mERROR[0m [2mglazewm[0m[2m:[0m channel closed
[2m2025-08-12T00:15:26.384336Z[0m [31mERROR[0m [2mglazewm[0m[2m:[0m channel closed
[2m2025-08-12T00:15:26.468507Z[0m [31mERROR[0m [2mglazewm[0m[2m:[0m channel closed
[2m2025-08-12T00:15:26.537218Z[0m [31mERROR[0m [2mglazewm[0m[2m:[0m channel closed
[2m2025-08-12T00:15:26.588262Z[0m [31mERROR[0m [2mglazewm[0m[2m:[0m channel closed
[2m2025-08-12T00:15:26.634380Z[0m [31mERROR[0m [2mglazewm[0m[2m:[0m channel closed
[2m2025-08-12T00:15:26.697076Z[0m [31mERROR[0m [2mglazewm[0m[2m:[0m channel closed
[2m2025-08-12T00:15:26.755835Z[0m [31mERROR[0m [2mglazewm[0m[2m:[0m channel closed
[2m2025-08-12T00:15:26.838108Z[0m [31mERROR[0m [2mglazewm[0m[2m:[0m channel closed
[2m2025-08-12T00:15:26.903391Z[0m [31mERROR[0m [2mglazewm[0m[2m:[0m channel closed
[2m2025-08-12T00:15:26.965291Z[0m [31mERROR[0m [2mglazewm[0m[2m:[0m channel closed
[2m2025-08-12T00:15:27.020785Z[0m [31mERROR[0m [2mglazewm[0m[2m:[0m channel closed
[2m2025-08-12T00:15:27.089948Z[0m [31mERROR[0m [2mglazewm[0m[2m:[0m channel closed
[2m2025-08-12T00:15:27.121975Z[0m [31mERROR[0m [2mglazewm[0m[2m:[0m channel closed
